2025-08-27 20:29:06 | INFO | __main__:50 | Logger loaded.
2025-08-27 20:29:06 | INFO | __main__:169 | STARTING main()..
2025-08-27 20:29:06 | INFO | __main__:170 | Byline:

**********************************************************
Stellar Analytics — Project Header
**********************************************************
Author:                     Denise Case
Motto:                      Clear. Useful. On time.
Years Active:               5
Accepting New Clients?:     True
Remote Workshops?:          True
Services:                   ['Data Analysis', 'Machine Learning', 'Business Intelligence']
Client Satisfaction Scores: [4.8, 4.6, 4.9, 5.0, 4.7]
Minimum Satisfaction Score: 4.6
Maximum Satisfaction Score: 5.0
Mean Satisfaction Score:    4.80
     Standard Deviation:    0.16
**********************************************************

2025-08-27 20:29:06 | INFO | __main__:181 | This module is organized like all Python modules.
2025-08-27 20:29:06 | INFO | __main__:182 | We write professional Python from the start.
2025-08-27 20:29:06 | INFO | __main__:183 | END main()...
2025-08-27 20:44:41 | INFO | __main__:47 | Logger loaded.
2025-08-27 20:44:41 | INFO | __main__:159 | STARTING main()..
2025-08-27 20:44:41 | INFO | __main__:160 | Byline:

**********************************************************
Frankly Figures — Project Header
**********************************************************
Author:                     Frank Scarpa
Motto:                      Making Numbers Talk
Years Active:               5
Number of Employees:        25
Office Locations:           ['Phoenix', 'Washington DC', 'Sunrise', 'Austin', 'San Francisco']
Salary Position?:           True
Accepting New Clients?:     True
Remote Workshops?:          True
Services:                   ['Data Analysis', 'Machine Learning', 'Business Intelligence']
Client Satisfaction Scores: [4.8, 4.6, 4.9, 5.0, 4.7]
Minimum Satisfaction Score: 4.6
Maximum Satisfaction Score: 5.0
Mean Satisfaction Score:    4.80
     Standard Deviation:    0.16
**********************************************************

2025-08-27 20:44:48 | INFO | __main__:170 | This module is organized like all Python modules.
2025-08-27 20:44:48 | INFO | __main__:171 | We write professional Python from the start.
2025-08-27 20:44:48 | INFO | __main__:172 | END main()...
